[0321/194133.140:ERROR:filesystem_win.cc(148)] DeleteFile C:\Users\MPRANITH\AppData\Local\Google\Chrome\User Data\Crashpad\reports\a840f75c-b682-44a3-b950-2736f1f50a2d.dmp: The process cannot access the file because it is being used by another process. (0x20)
[0509/224315.960:ERROR:process_info.cc(359)] UncheckedAllocate
[0509/224316.497:ERROR:process_info.cc(359)] UncheckedAllocate
[0509/224316.514:ERROR:process_info.cc(359)] UncheckedAllocate
[0509/224342.157:ERROR:file_io.cc(134)] WriteFile: The pipe is being closed. (0xE8)
[0610/185928.622:ERROR:process_info.cc(359)] UncheckedAllocate
[0610/185928.622:ERROR:process_info.cc(359)] UncheckedAllocate
[0610/185928.622:ERROR:process_info.cc(359)] UncheckedAllocate
[0610/190218.944:ERROR:process_info.cc(359)] UncheckedAllocate
[0613/194025.226:ERROR:process_info.cc(359)] UncheckedAllocate
[0617/224520.785:ERROR:registration_protocol_win.cc(84)] TransactNamedPipe: The pipe has been ended. (0x6D)
[0620/112858.876:ERROR:process_info.cc(359)] UncheckedAllocate
[0620/112859.085:ERROR:process_info.cc(359)] UncheckedAllocate
[0620/112859.131:ERROR:process_memory_win.cc(73)] ReadMemory at 0x28cec8d0730 of 80 bytes failed: Only part of a ReadProcessMemory or WriteProcessMemory request was completed. (0x12B)
[0620/112859.155:ERROR:process_memory_win.cc(73)] ReadMemory at 0x28cec8d0dd0 of 21212 bytes failed: Only part of a ReadProcessMemory or WriteProcessMemory request was completed. (0x12B)
[0620/112859.155:ERROR:process_memory_win.cc(73)] ReadMemory at 0x28cec8d60c0 of 1012 bytes failed: Only part of a ReadProcessMemory or WriteProcessMemory request was completed. (0x12B)
[0620/112859.155:ERROR:process_memory_win.cc(73)] ReadMemory at 0x28cec8d66d8 of 118 bytes failed: Only part of a ReadProcessMemory or WriteProcessMemory request was completed. (0x12B)
[0620/112859.155:ERROR:process_memory_win.cc(73)] ReadMemory at 0x28cec8d6750 of 962 bytes failed: Only part of a ReadProcessMemory or WriteProcessMemory request was completed. (0x12B)
[0620/112859.155:ERROR:process_memory_win.cc(73)] ReadMemory at 0x28cec8d6b14 of 118 bytes failed: Only part of a ReadProcessMemory or WriteProcessMemory request was completed. (0x12B)
[0620/112859.155:ERROR:process_memory_win.cc(73)] ReadMemory at 0x28cec8d6b8c of 98 bytes failed: Only part of a ReadProcessMemory or WriteProcessMemory request was completed. (0x12B)
[0620/112859.155:ERROR:process_memory_win.cc(73)] ReadMemory at 0x28cec8d6c00 of 58 bytes failed: Only part of a ReadProcessMemory or WriteProcessMemory request was completed. (0x12B)
[0620/112859.155:ERROR:process_memory_win.cc(73)] ReadMemory at 0x28cec8d6d00 of 132 bytes failed: Only part of a ReadProcessMemory or WriteProcessMemory request was completed. (0x12B)
[0620/112859.155:ERROR:process_memory_win.cc(73)] ReadMemory at 0x28cec8d6e90 of 132 bytes failed: Only part of a ReadProcessMemory or WriteProcessMemory request was completed. (0x12B)
[0620/112859.155:ERROR:process_memory_win.cc(73)] ReadMemory at 0x28cec8d7050 of 126 bytes failed: Only part of a ReadProcessMemory or WriteProcessMemory request was completed. (0x12B)
[0620/112859.156:ERROR:process_memory_win.cc(73)] ReadMemory at 0x28cec8d7400 of 132 bytes failed: Only part of a ReadProcessMemory or WriteProcessMemory request was completed. (0x12B)
[0620/112859.156:ERROR:process_memory_win.cc(73)] ReadMemory at 0x28cec8d7590 of 64 bytes failed: Only part of a ReadProcessMemory or WriteProcessMemory request was completed. (0x12B)
[0620/112859.156:ERROR:process_memory_win.cc(73)] ReadMemory at 0x28cec8d78d0 of 132 bytes failed: Only part of a ReadProcessMemory or WriteProcessMemory request was completed. (0x12B)
[0620/112859.156:ERROR:process_memory_win.cc(73)] ReadMemory at 0x28cec8d7a60 of 68 bytes failed: Only part of a ReadProcessMemory or WriteProcessMemory request was completed. (0x12B)
[0620/112859.156:ERROR:process_memory_win.cc(73)] ReadMemory at 0x28cec8d8770 of 132 bytes failed: Only part of a ReadProcessMemory or WriteProcessMemory request was completed. (0x12B)
[0620/112859.156:ERROR:process_memory_win.cc(73)] ReadMemory at 0x28cec8d8960 of 132 bytes failed: Only part of a ReadProcessMemory or WriteProcessMemory request was completed. (0x12B)
[0620/112859.156:ERROR:process_memory_win.cc(73)] ReadMemory at 0x28cec8d8af0 of 62 bytes failed: Only part of a ReadProcessMemory or WriteProcessMemory request was completed. (0x12B)
[0620/112859.156:ERROR:process_memory_win.cc(73)] ReadMemory at 0x28cec8d8e60 of 132 bytes failed: Only part of a ReadProcessMemory or WriteProcessMemory request was completed. (0x12B)
[0620/112859.156:ERROR:process_memory_win.cc(73)] ReadMemory at 0x28cec8d8ff0 of 60 bytes failed: Only part of a ReadProcessMemory or WriteProcessMemory request was completed. (0x12B)
[0620/112859.156:ERROR:process_memory_win.cc(73)] ReadMemory at 0x28cec8d9040 of 158 bytes failed: Only part of a ReadProcessMemory or WriteProcessMemory request was completed. (0x12B)
[0620/112859.156:ERROR:process_memory_win.cc(73)] ReadMemory at 0x28cec8d9210 of 132 bytes failed: Only part of a ReadProcessMemory or WriteProcessMemory request was completed. (0x12B)
[0620/112859.156:ERROR:process_memory_win.cc(73)] ReadMemory at 0x28cec8d93a0 of 64 bytes failed: Only part of a ReadProcessMemory or WriteProcessMemory request was completed. (0x12B)
[0620/112859.156:ERROR:process_memory_win.cc(73)] ReadMemory at 0x28cec8d95f0 of 132 bytes failed: Only part of a ReadProcessMemory or WriteProcessMemory request was completed. (0x12B)
[0620/112859.156:ERROR:process_memory_win.cc(73)] ReadMemory at 0x28cec8d9780 of 78 bytes failed: Only part of a ReadProcessMemory or WriteProcessMemory request was completed. (0x12B)
[0620/112859.156:ERROR:process_memory_win.cc(73)] ReadMemory at 0x28cec8d9b50 of 132 bytes failed: Only part of a ReadProcessMemory or WriteProcessMemory request was completed. (0x12B)
[0620/112859.156:ERROR:process_memory_win.cc(73)] ReadMemory at 0x28cec8d9ce0 of 62 bytes failed: Only part of a ReadProcessMemory or WriteProcessMemory request was completed. (0x12B)
[0620/112859.156:ERROR:process_memory_win.cc(73)] ReadMemory at 0x28cec8d9f90 of 132 bytes failed: Only part of a ReadProcessMemory or WriteProcessMemory request was completed. (0x12B)
[0620/112859.156:ERROR:process_memory_win.cc(73)] ReadMemory at 0x28cec8da120 of 64 bytes failed: Only part of a ReadProcessMemory or WriteProcessMemory request was completed. (0x12B)
[0620/112859.156:ERROR:process_memory_win.cc(73)] ReadMemory at 0x28cec8da330 of 132 bytes failed: Only part of a ReadProcessMemory or WriteProcessMemory request was completed. (0x12B)
[0620/112859.156:ERROR:process_memory_win.cc(73)] ReadMemory at 0x28cec8da4c0 of 60 bytes failed: Only part of a ReadProcessMemory or WriteProcessMemory request was completed. (0x12B)
[0620/112859.156:ERROR:process_memory_win.cc(73)] ReadMemory at 0x28cec8da6f0 of 132 bytes failed: Only part of a ReadProcessMemory or WriteProcessMemory request was completed. (0x12B)
[0620/112859.156:ERROR:process_memory_win.cc(73)] ReadMemory at 0x28cec8dce30 of 132 bytes failed: Only part of a ReadProcessMemory or WriteProcessMemory request was completed. (0x12B)
[0620/112859.156:ERROR:process_memory_win.cc(73)] ReadMemory at 0x28cec8dd3d0 of 76 bytes failed: Only part of a ReadProcessMemory or WriteProcessMemory request was completed. (0x12B)
[0620/112859.156:ERROR:process_memory_win.cc(73)] ReadMemory at 0x28cec8ddb70 of 64 bytes failed: Only part of a ReadProcessMemory or WriteProcessMemory request was completed. (0x12B)
[0620/112859.156:ERROR:process_memory_win.cc(73)] ReadMemory at 0x28cec8de1b0 of 132 bytes failed: Only part of a ReadProcessMemory or WriteProcessMemory request was completed. (0x12B)
[0620/112859.156:ERROR:process_memory_win.cc(73)] ReadMemory at 0x28cec8de2e0 of 64 bytes failed: Only part of a ReadProcessMemory or WriteProcessMemory request was completed. (0x12B)
[0620/112859.156:ERROR:process_memory_win.cc(73)] ReadMemory at 0x28cec8de4f0 of 132 bytes failed: Only part of a ReadProcessMemory or WriteProcessMemory request was completed. (0x12B)
[0620/112859.156:ERROR:process_memory_win.cc(73)] ReadMemory at 0x28cec8de620 of 62 bytes failed: Only part of a ReadProcessMemory or WriteProcessMemory request was completed. (0x12B)
[0620/112859.156:ERROR:process_memory_win.cc(73)] ReadMemory at 0x28cec8de810 of 132 bytes failed: Only part of a ReadProcessMemory or WriteProcessMemory request was completed. (0x12B)
[0620/112859.156:ERROR:process_memory_win.cc(73)] ReadMemory at 0x28cec8de940 of 62 bytes failed: Only part of a ReadProcessMemory or WriteProcessMemory request was completed. (0x12B)
[0620/112859.156:ERROR:process_memory_win.cc(73)] ReadMemory at 0x28cec8dec10 of 132 bytes failed: Only part of a ReadProcessMemory or WriteProcessMemory request was completed. (0x12B)
[0620/112859.156:ERROR:process_memory_win.cc(73)] ReadMemory at 0x28cec8ded40 of 132 bytes failed: Only part of a ReadProcessMemory or WriteProcessMemory request was completed. (0x12B)
[0620/112859.157:ERROR:process_memory_win.cc(73)] ReadMemory at 0x28cec8dee70 of 132 bytes failed: Only part of a ReadProcessMemory or WriteProcessMemory request was completed. (0x12B)
[0620/112859.157:ERROR:process_memory_win.cc(73)] ReadMemory at 0x28cec8defa0 of 132 bytes failed: Only part of a ReadProcessMemory or WriteProcessMemory request was completed. (0x12B)
[0620/112859.157:ERROR:process_memory_win.cc(73)] ReadMemory at 0x28cec8df0d0 of 132 bytes failed: Only part of a ReadProcessMemory or WriteProcessMemory request was completed. (0x12B)
[0620/112859.157:ERROR:process_memory_win.cc(73)] ReadMemory at 0x28cec8df200 of 132 bytes failed: Only part of a ReadProcessMemory or WriteProcessMemory request was completed. (0x12B)
[0620/112859.157:ERROR:process_memory_win.cc(73)] ReadMemory at 0x28cec8df330 of 132 bytes failed: Only part of a ReadProcessMemory or WriteProcessMemory request was completed. (0x12B)
[0620/112859.157:ERROR:process_memory_win.cc(73)] ReadMemory at 0x28cec8df460 of 132 bytes failed: Only part of a ReadProcessMemory or WriteProcessMemory request was completed. (0x12B)
[0620/112859.157:ERROR:process_memory_win.cc(73)] ReadMemory at 0x28cec8df590 of 132 bytes failed: Only part of a ReadProcessMemory or WriteProcessMemory request was completed. (0x12B)
[0620/112859.157:ERROR:process_memory_win.cc(73)] ReadMemory at 0x28cec8df6c0 of 132 bytes failed: Only part of a ReadProcessMemory or WriteProcessMemory request was completed. (0x12B)
[0620/112859.157:ERROR:process_memory_win.cc(73)] ReadMemory at 0x28cec8df7f0 of 132 bytes failed: Only part of a ReadProcessMemory or WriteProcessMemory request was completed. (0x12B)
[0620/112859.157:ERROR:process_memory_win.cc(73)] ReadMemory at 0x28cec8df920 of 132 bytes failed: Only part of a ReadProcessMemory or WriteProcessMemory request was completed. (0x12B)
[0620/112859.157:ERROR:process_memory_win.cc(73)] ReadMemory at 0x28cec8dfa50 of 132 bytes failed: Only part of a ReadProcessMemory or WriteProcessMemory request was completed. (0x12B)
[0620/112859.157:ERROR:process_memory_win.cc(73)] ReadMemory at 0x28cec8dfc20 of 62 bytes failed: Only part of a ReadProcessMemory or WriteProcessMemory request was completed. (0x12B)
[0620/112859.157:ERROR:process_memory_win.cc(73)] ReadMemory at 0x28cec8dfd10 of 60 bytes failed: Only part of a ReadProcessMemory or WriteProcessMemory request was completed. (0x12B)
[0620/112859.157:ERROR:process_memory_win.cc(73)] ReadMemory at 0x28cec8dfd60 of 62 bytes failed: Only part of a ReadProcessMemory or WriteProcessMemory request was completed. (0x12B)
[0620/112859.157:ERROR:process_memory_win.cc(73)] ReadMemory at 0x28cec8dfe00 of 60 bytes failed: Only part of a ReadProcessMemory or WriteProcessMemory request was completed. (0x12B)
[0620/112859.157:ERROR:process_memory_win.cc(73)] ReadMemory at 0x28cec8dff90 of 58 bytes failed: Only part of a ReadProcessMemory or WriteProcessMemory request was completed. (0x12B)
[0620/112859.157:ERROR:process_memory_win.cc(73)] ReadMemory at 0x28cec8dffe0 of 66 bytes failed: Only part of a ReadProcessMemory or WriteProcessMemory request was completed. (0x12B)
[0620/112859.157:ERROR:process_memory_win.cc(73)] ReadMemory at 0x28cec8e00d0 of 60 bytes failed: Only part of a ReadProcessMemory or WriteProcessMemory request was completed. (0x12B)
[0620/112859.157:ERROR:process_memory_win.cc(73)] ReadMemory at 0x28cec8e0120 of 66 bytes failed: Only part of a ReadProcessMemory or WriteProcessMemory request was completed. (0x12B)
[0620/112859.157:ERROR:process_memory_win.cc(73)] ReadMemory at 0x28cec8e0210 of 62 bytes failed: Only part of a ReadProcessMemory or WriteProcessMemory request was completed. (0x12B)
[0620/112859.157:ERROR:process_memory_win.cc(73)] ReadMemory at 0x28cec8e0260 of 66 bytes failed: Only part of a ReadProcessMemory or WriteProcessMemory request was completed. (0x12B)
[0620/112859.157:ERROR:process_memory_win.cc(73)] ReadMemory at 0x28cec8e0300 of 58 bytes failed: Only part of a ReadProcessMemory or WriteProcessMemory request was completed. (0x12B)
[0620/112859.157:ERROR:process_memory_win.cc(73)] ReadMemory at 0x28cec8e0760 of 242 bytes failed: Only part of a ReadProcessMemory or WriteProcessMemory request was completed. (0x12B)
[0620/112859.157:ERROR:process_memory_win.cc(73)] ReadMemory at 0x28cec8e17e0 of 154 bytes failed: Only part of a ReadProcessMemory or WriteProcessMemory request was completed. (0x12B)
[0620/112859.157:ERROR:process_memory_win.cc(73)] ReadMemory at 0x28cec8e2110 of 512 bytes failed: Only part of a ReadProcessMemory or WriteProcessMemory request was completed. (0x12B)
[0620/112859.157:ERROR:process_memory_win.cc(73)] ReadMemory at 0x28cec8e2b50 of 132 bytes failed: Only part of a ReadProcessMemory or WriteProcessMemory request was completed. (0x12B)
[0620/112859.157:ERROR:process_memory_win.cc(73)] ReadMemory at 0x28cec8e2c80 of 132 bytes failed: Only part of a ReadProcessMemory or WriteProcessMemory request was completed. (0x12B)
[0620/112859.157:ERROR:process_memory_win.cc(73)] ReadMemory at 0x28cec8e2db0 of 132 bytes failed: Only part of a ReadProcessMemory or WriteProcessMemory request was completed. (0x12B)
[0620/112859.157:ERROR:process_memory_win.cc(73)] ReadMemory at 0x28cec8e2ee0 of 132 bytes failed: Only part of a ReadProcessMemory or WriteProcessMemory request was completed. (0x12B)
[0620/112859.157:ERROR:process_memory_win.cc(73)] ReadMemory at 0x28cec8e3010 of 132 bytes failed: Only part of a ReadProcessMemory or WriteProcessMemory request was completed. (0x12B)
[0620/112859.157:ERROR:process_memory_win.cc(73)] ReadMemory at 0x28cec8e3140 of 132 bytes failed: Only part of a ReadProcessMemory or WriteProcessMemory request was completed. (0x12B)
[0620/112859.157:ERROR:process_memory_win.cc(73)] ReadMemory at 0x28cec8e3270 of 132 bytes failed: Only part of a ReadProcessMemory or WriteProcessMemory request was completed. (0x12B)
[0620/112859.157:ERROR:process_memory_win.cc(73)] ReadMemory at 0x28cec8e33a0 of 132 bytes failed: Only part of a ReadProcessMemory or WriteProcessMemory request was completed. (0x12B)
[0620/112859.157:ERROR:process_memory_win.cc(73)] ReadMemory at 0x28cec8e34d0 of 132 bytes failed: Only part of a ReadProcessMemory or WriteProcessMemory request was completed. (0x12B)
[0620/112859.157:ERROR:process_memory_win.cc(73)] ReadMemory at 0x28cec8e3600 of 132 bytes failed: Only part of a ReadProcessMemory or WriteProcessMemory request was completed. (0x12B)
[0620/112859.158:ERROR:process_memory_win.cc(73)] ReadMemory at 0x28cec8e3730 of 132 bytes failed: Only part of a ReadProcessMemory or WriteProcessMemory request was completed. (0x12B)
[0620/112859.158:ERROR:process_memory_win.cc(73)] ReadMemory at 0x28cec8e3860 of 132 bytes failed: Only part of a ReadProcessMemory or WriteProcessMemory request was completed. (0x12B)
[0620/112859.158:ERROR:process_memory_win.cc(73)] ReadMemory at 0x28cec8e3990 of 132 bytes failed: Only part of a ReadProcessMemory or WriteProcessMemory request was completed. (0x12B)
[0620/112859.158:ERROR:process_memory_win.cc(73)] ReadMemory at 0x28cec8e3ac0 of 132 bytes failed: Only part of a ReadProcessMemory or WriteProcessMemory request was completed. (0x12B)
[0620/112859.158:ERROR:process_memory_win.cc(73)] ReadMemory at 0x28cec8e3d20 of 132 bytes failed: Only part of a ReadProcessMemory or WriteProcessMemory request was completed. (0x12B)
[0620/112859.158:ERROR:process_memory_win.cc(73)] ReadMemory at 0x28cec8e3e50 of 132 bytes failed: Only part of a ReadProcessMemory or WriteProcessMemory request was completed. (0x12B)
[0620/112859.158:ERROR:process_memory_win.cc(73)] ReadMemory at 0x28cec8e3f80 of 132 bytes failed: Only part of a ReadProcessMemory or WriteProcessMemory request was completed. (0x12B)
[0620/112859.158:ERROR:process_memory_win.cc(73)] ReadMemory at 0x28cec8e40b0 of 132 bytes failed: Only part of a ReadProcessMemory or WriteProcessMemory request was completed. (0x12B)
[0620/112859.158:ERROR:process_memory_win.cc(73)] ReadMemory at 0x28cec8e41e0 of 132 bytes failed: Only part of a ReadProcessMemory or WriteProcessMemory request was completed. (0x12B)
[0620/112859.158:ERROR:process_memory_win.cc(73)] ReadMemory at 0x28cec8e4310 of 132 bytes failed: Only part of a ReadProcessMemory or WriteProcessMemory request was completed. (0x12B)
[0620/112859.158:ERROR:process_memory_win.cc(73)] ReadMemory at 0x28cec8e4440 of 132 bytes failed: Only part of a ReadProcessMemory or WriteProcessMemory request was completed. (0x12B)
[0620/112859.158:ERROR:process_memory_win.cc(73)] ReadMemory at 0x28cec8e4570 of 132 bytes failed: Only part of a ReadProcessMemory or WriteProcessMemory request was completed. (0x12B)
[0620/112859.158:ERROR:process_memory_win.cc(73)] ReadMemory at 0x28cec8e46a0 of 132 bytes failed: Only part of a ReadProcessMemory or WriteProcessMemory request was completed. (0x12B)
[0620/112859.158:ERROR:process_memory_win.cc(73)] ReadMemory at 0x28cec8e47d0 of 132 bytes failed: Only part of a ReadProcessMemory or WriteProcessMemory request was completed. (0x12B)
[0620/112859.158:ERROR:process_memory_win.cc(73)] ReadMemory at 0x28cec8e4900 of 132 bytes failed: Only part of a ReadProcessMemory or WriteProcessMemory request was completed. (0x12B)
[0620/112859.158:ERROR:process_memory_win.cc(73)] ReadMemory at 0x28cec8e5810 of 80 bytes failed: Only part of a ReadProcessMemory or WriteProcessMemory request was completed. (0x12B)
[0620/112859.158:ERROR:process_memory_win.cc(73)] ReadMemory at 0x28cec8e8e50 of 64 bytes failed: Only part of a ReadProcessMemory or WriteProcessMemory request was completed. (0x12B)
[0620/112859.158:ERROR:process_memory_win.cc(73)] ReadMemory at 0x28cec8e8ea0 of 60 bytes failed: Only part of a ReadProcessMemory or WriteProcessMemory request was completed. (0x12B)
[0620/112859.158:ERROR:process_memory_win.cc(73)] ReadMemory at 0x28cec8e8ef0 of 64 bytes failed: Only part of a ReadProcessMemory or WriteProcessMemory request was completed. (0x12B)
[0620/112859.158:ERROR:process_memory_win.cc(73)] ReadMemory at 0x28cec8e8f40 of 62 bytes failed: Only part of a ReadProcessMemory or WriteProcessMemory request was completed. (0x12B)
[0620/112859.158:ERROR:process_memory_win.cc(73)] ReadMemory at 0x28cec8e8f90 of 60 bytes failed: Only part of a ReadProcessMemory or WriteProcessMemory request was completed. (0x12B)
[0620/112859.158:ERROR:process_memory_win.cc(73)] ReadMemory at 0x28cec8e90d0 of 64 bytes failed: Only part of a ReadProcessMemory or WriteProcessMemory request was completed. (0x12B)
[0620/112859.158:ERROR:process_memory_win.cc(73)] ReadMemory at 0x28cec8e9170 of 64 bytes failed: Only part of a ReadProcessMemory or WriteProcessMemory request was completed. (0x12B)
[0620/112859.158:ERROR:process_memory_win.cc(73)] ReadMemory at 0x28cec8e91c0 of 60 bytes failed: Only part of a ReadProcessMemory or WriteProcessMemory request was completed. (0x12B)
[0620/112859.158:ERROR:process_memory_win.cc(73)] ReadMemory at 0x28cec8e9210 of 64 bytes failed: Only part of a ReadProcessMemory or WriteProcessMemory request was completed. (0x12B)
[0620/112859.158:ERROR:process_memory_win.cc(73)] ReadMemory at 0x28cec8e9260 of 56 bytes failed: Only part of a ReadProcessMemory or WriteProcessMemory request was completed. (0x12B)
[0620/112859.158:ERROR:process_memory_win.cc(73)] ReadMemory at 0x28cec8e92b0 of 64 bytes failed: Only part of a ReadProcessMemory or WriteProcessMemory request was completed. (0x12B)
[0620/112859.158:ERROR:process_memory_win.cc(73)] ReadMemory at 0x28cec8e9620 of 58 bytes failed: Only part of a ReadProcessMemory or WriteProcessMemory request was completed. (0x12B)
[0620/112859.158:ERROR:process_memory_win.cc(73)] ReadMemory at 0x28cec8e9d50 of 60 bytes failed: Only part of a ReadProcessMemory or WriteProcessMemory request was completed. (0x12B)
[0620/112859.158:ERROR:process_memory_win.cc(73)] ReadMemory at 0x28cec8e9da0 of 58 bytes failed: Only part of a ReadProcessMemory or WriteProcessMemory request was completed. (0x12B)
[0620/112859.158:ERROR:process_memory_win.cc(73)] ReadMemory at 0x28cec8ea560 of 54 bytes failed: Only part of a ReadProcessMemory or WriteProcessMemory request was completed. (0x12B)
[0620/112859.158:ERROR:process_memory_win.cc(73)] ReadMemory at 0x28cec8f5260 of 62 bytes failed: Only part of a ReadProcessMemory or WriteProcessMemory request was completed. (0x12B)
[0620/112859.158:ERROR:process_memory_win.cc(73)] ReadMemory at 0x28cec8f5350 of 62 bytes failed: Only part of a ReadProcessMemory or WriteProcessMemory request was completed. (0x12B)
[0620/112859.158:ERROR:process_memory_win.cc(73)] ReadMemory at 0x28cec8f5490 of 60 bytes failed: Only part of a ReadProcessMemory or WriteProcessMemory request was completed. (0x12B)
[0620/112859.158:ERROR:process_memory_win.cc(73)] ReadMemory at 0x28cec8f5580 of 60 bytes failed: Only part of a ReadProcessMemory or WriteProcessMemory request was completed. (0x12B)
[0620/112859.158:ERROR:process_memory_win.cc(73)] ReadMemory at 0x28cec8f57b0 of 58 bytes failed: Only part of a ReadProcessMemory or WriteProcessMemory request was completed. (0x12B)
[0620/112859.158:ERROR:process_memory_win.cc(73)] ReadMemory at 0x28cec8f5990 of 62 bytes failed: Only part of a ReadProcessMemory or WriteProcessMemory request was completed. (0x12B)
[0620/112859.159:ERROR:process_memory_win.cc(73)] ReadMemory at 0x28cec8f5b70 of 64 bytes failed: Only part of a ReadProcessMemory or WriteProcessMemory request was completed. (0x12B)
[0620/112859.159:ERROR:process_memory_win.cc(73)] ReadMemory at 0x28cec8f5d00 of 62 bytes failed: Only part of a ReadProcessMemory or WriteProcessMemory request was completed. (0x12B)
[0620/112859.159:ERROR:process_memory_win.cc(73)] ReadMemory at 0x28cec8f5f30 of 64 bytes failed: Only part of a ReadProcessMemory or WriteProcessMemory request was completed. (0x12B)
[0620/112859.159:ERROR:process_memory_win.cc(73)] ReadMemory at 0x28cec8f69e0 of 132 bytes failed: Only part of a ReadProcessMemory or WriteProcessMemory request was completed. (0x12B)
[0620/112859.159:ERROR:process_memory_win.cc(73)] ReadMemory at 0x28cec904120 of 512 bytes failed: Only part of a ReadProcessMemory or WriteProcessMemory request was completed. (0x12B)
[0620/112859.159:ERROR:process_memory_win.cc(73)] ReadMemory at 0x28cecc04540 of 512 bytes failed: Only part of a ReadProcessMemory or WriteProcessMemory request was completed. (0x12B)
[0620/112859.159:ERROR:process_memory_win.cc(73)] ReadMemory at 0x28ced0cd290 of 512 bytes failed: Only part of a ReadProcessMemory or WriteProcessMemory request was completed. (0x12B)
[0620/112859.159:ERROR:process_memory_win.cc(73)] ReadMemory at 0x28ced0d99d0 of 512 bytes failed: Only part of a ReadProcessMemory or WriteProcessMemory request was completed. (0x12B)
[0620/112859.159:ERROR:process_memory_win.cc(73)] ReadMemory at 0x28ced0f1380 of 512 bytes failed: Only part of a ReadProcessMemory or WriteProcessMemory request was completed. (0x12B)
[0620/112859.159:ERROR:process_memory_win.cc(73)] ReadMemory at 0x28ced0f9420 of 976 bytes failed: Only part of a ReadProcessMemory or WriteProcessMemory request was completed. (0x12B)
[0620/112859.159:ERROR:process_memory_win.cc(73)] ReadMemory at 0x28ced1741b0 of 512 bytes failed: Only part of a ReadProcessMemory or WriteProcessMemory request was completed. (0x12B)
[0620/112859.159:ERROR:process_memory_win.cc(73)] ReadMemory at 0x28ced196df0 of 512 bytes failed: Only part of a ReadProcessMemory or WriteProcessMemory request was completed. (0x12B)
[0620/112859.159:ERROR:process_memory_win.cc(73)] ReadMemory at 0x28ced19ab90 of 512 bytes failed: Only part of a ReadProcessMemory or WriteProcessMemory request was completed. (0x12B)
[0620/112859.159:ERROR:process_memory_win.cc(73)] ReadMemory at 0x28ceeda4df0 of 512 bytes failed: Only part of a ReadProcessMemory or WriteProcessMemory request was completed. (0x12B)
[0620/112859.159:ERROR:process_memory_win.cc(73)] ReadMemory at 0x28ceedaac10 of 512 bytes failed: Only part of a ReadProcessMemory or WriteProcessMemory request was completed. (0x12B)
[0620/112859.159:ERROR:process_memory_win.cc(73)] ReadMemory at 0x28ceedabdf0 of 520 bytes failed: Only part of a ReadProcessMemory or WriteProcessMemory request was completed. (0x12B)
[0620/112859.159:ERROR:process_memory_win.cc(73)] ReadMemory at 0x28ceee36c50 of 512 bytes failed: Only part of a ReadProcessMemory or WriteProcessMemory request was completed. (0x12B)
[0620/112859.159:ERROR:process_memory_win.cc(73)] ReadMemory at 0xae9439542c0 of 528 bytes failed: Only part of a ReadProcessMemory or WriteProcessMemory request was completed. (0x12B)
[0620/112859.159:ERROR:process_memory_win.cc(73)] ReadMemory at 0xbb0eb62a310 of 512 bytes failed: Only part of a ReadProcessMemory or WriteProcessMemory request was completed. (0x12B)
[0620/112859.159:ERROR:process_memory_win.cc(73)] ReadMemory at 0xbb0eb635d81 of 512 bytes failed: Only part of a ReadProcessMemory or WriteProcessMemory request was completed. (0x12B)
[0620/112859.159:ERROR:process_memory_win.cc(73)] ReadMemory at 0x2a1c075f7f80 of 128 bytes failed: Only part of a ReadProcessMemory or WriteProcessMemory request was completed. (0x12B)
[0620/112859.159:ERROR:process_memory_win.cc(73)] ReadMemory at 0x7ff8004c29ef of 512 bytes failed: Only part of a ReadProcessMemory or WriteProcessMemory request was completed. (0x12B)
[0620/112859.159:ERROR:process_memory_win.cc(73)] ReadMemory at 0x7ff800d35a50 of 512 bytes failed: Only part of a ReadProcessMemory or WriteProcessMemory request was completed. (0x12B)
[0620/112859.159:ERROR:process_memory_win.cc(73)] ReadMemory at 0x7ff80242078c of 512 bytes failed: Only part of a ReadProcessMemory or WriteProcessMemory request was completed. (0x12B)
[0620/112859.159:ERROR:process_memory_win.cc(73)] ReadMemory at 0x7ff804ea56f8 of 512 bytes failed: Only part of a ReadProcessMemory or WriteProcessMemory request was completed. (0x12B)
[0620/112859.159:ERROR:process_memory_win.cc(73)] ReadMemory at 0x7ff805110650 of 512 bytes failed: Only part of a ReadProcessMemory or WriteProcessMemory request was completed. (0x12B)
[0620/112859.159:ERROR:process_memory_win.cc(73)] ReadMemory at 0x7ff80573bd30 of 512 bytes failed: Only part of a ReadProcessMemory or WriteProcessMemory request was completed. (0x12B)
[0620/112859.159:ERROR:process_memory_win.cc(73)] ReadMemory at 0x7ff805850b60 of 512 bytes failed: Only part of a ReadProcessMemory or WriteProcessMemory request was completed. (0x12B)
[0620/112859.159:ERROR:process_memory_win.cc(73)] ReadMemory at 0x7ff805a76a40 of 512 bytes failed: Only part of a ReadProcessMemory or WriteProcessMemory request was completed. (0x12B)
[0620/112859.159:ERROR:process_memory_win.cc(73)] ReadMemory at 0x7ff805a857f0 of 512 bytes failed: Only part of a ReadProcessMemory or WriteProcessMemory request was completed. (0x12B)
[0620/112859.159:ERROR:process_memory_win.cc(73)] ReadMemory at 0x7ff805a87a60 of 512 bytes failed: Only part of a ReadProcessMemory or WriteProcessMemory request was completed. (0x12B)
[0620/112859.159:ERROR:process_memory_win.cc(73)] ReadMemory at 0x7ff8403d978a of 512 bytes failed: Only part of a ReadProcessMemory or WriteProcessMemory request was completed. (0x12B)
[0620/112859.159:ERROR:process_memory_win.cc(73)] ReadMemory at 0x7ff844be7708 of 512 bytes failed: Only part of a ReadProcessMemory or WriteProcessMemory request was completed. (0x12B)
[0620/112859.160:ERROR:process_memory_win.cc(73)] ReadMemory at 0x7ff844dc16e8 of 512 bytes failed: Only part of a ReadProcessMemory or WriteProcessMemory request was completed. (0x12B)
[0620/112859.160:ERROR:process_memory_win.cc(73)] ReadMemory at 0x7ff8465e42e0 of 512 bytes failed: Only part of a ReadProcessMemory or WriteProcessMemory request was completed. (0x12B)
[0620/112859.160:ERROR:process_memory_win.cc(73)] ReadMemory at 0x7ff84821e9e0 of 512 bytes failed: Only part of a ReadProcessMemory or WriteProcessMemory request was completed. (0x12B)
[0620/112859.160:ERROR:process_memory_win.cc(73)] ReadMemory at 0x7ff848222320 of 512 bytes failed: Only part of a ReadProcessMemory or WriteProcessMemory request was completed. (0x12B)
[0620/112859.160:ERROR:process_memory_win.cc(73)] ReadMemory at 0x7ff848294e54 of 672 bytes failed: Only part of a ReadProcessMemory or WriteProcessMemory request was completed. (0x12B)
[0620/112859.160:ERROR:process_memory_win.cc(73)] ReadMemory at 0x7ff848295454 of 512 bytes failed: Only part of a ReadProcessMemory or WriteProcessMemory request was completed. (0x12B)
[0620/112859.160:ERROR:process_memory_win.cc(73)] ReadMemory at 0x7ff848298544 of 608 bytes failed: Only part of a ReadProcessMemory or WriteProcessMemory request was completed. (0x12B)
[0620/112859.160:ERROR:process_memory_win.cc(73)] ReadMemory at 0x7ff84829b743 of 512 bytes failed: Only part of a ReadProcessMemory or WriteProcessMemory request was completed. (0x12B)
[0620/112859.160:ERROR:process_memory_win.cc(73)] ReadMemory at 0x7ff84830b7c0 of 18 bytes failed: Only part of a ReadProcessMemory or WriteProcessMemory request was completed. (0x12B)
[0620/112859.160:ERROR:process_memory_win.cc(73)] ReadMemory at 0x7ff84833c568 of 40 bytes failed: Only part of a ReadProcessMemory or WriteProcessMemory request was completed. (0x12B)
[0620/112859.160:ERROR:process_memory_win.cc(73)] ReadMemory at 0x7ff84833c998 of 48 bytes failed: Only part of a ReadProcessMemory or WriteProcessMemory request was completed. (0x12B)
[0620/112859.160:ERROR:process_memory_win.cc(73)] ReadMemory at 0x7ff8483423a0 of 64 bytes failed: Only part of a ReadProcessMemory or WriteProcessMemory request was completed. (0x12B)
[0620/112859.160:ERROR:process_memory_win.cc(73)] ReadMemory at 0x7ff848343310 of 512 bytes failed: Only part of a ReadProcessMemory or WriteProcessMemory request was completed. (0x12B)
[0620/112859.168:ERROR:scoped_process_suspend.cc(40)] NtResumeProcess: An attempt was made to access an exiting process. (0xc000010a)
[0620/112906.148:ERROR:process_info.cc(359)] UncheckedAllocate
[0705/000849.254:ERROR:process_info.cc(359)] UncheckedAllocate
[0705/000849.236:ERROR:process_info.cc(359)] UncheckedAllocate
[0705/000849.237:ERROR:process_info.cc(359)] UncheckedAllocate
[0707/142446.614:ERROR:process_info.cc(359)] UncheckedAllocate
